nohup: ignoring input
======================================
Elephant ReID Training - ResNet50
======================================
Config: /media/mu/zoo_vision/training/PoseGuidedReID/configs/elephant_resnet.yml
Output: /media/mu/zoo_vision/training/PoseGuidedReID/logs/elephant_resnet/lr001_bs16
Batch Size: 16
Epochs: 120
Learning Rate: 0.05
======================================
/media/mu/zoo_vision/training/PoseGuidedReID/venv/lib/python3.12/site-packages/timm/models/layers/__init__.py:48: FutureWarning: Importing from timm.models.layers is deprecated, please import via timm.layers
  warnings.warn(f"Importing from {__name__} is deprecated, please import via timm.layers", FutureWarning)
wandb: Currently logged in as: muz to https://api.wandb.ai. Use `wandb login --relogin` to force relogin
wandb: setting up run kth0d0pe
wandb: Tracking run with wandb version 0.23.0
wandb: Run data is saved locally in /media/mu/zoo_vision/training/PoseGuidedReID/wandb/run-20251121_134645-kth0d0pe
wandb: Run `wandb offline` to turn off syncing.
wandb: Syncing run lr001_bs16_train_inf
wandb: ⭐️ View project at https://wandb.ai/muz/elephant_resnet
wandb: 🚀 View run at https://wandb.ai/muz/elephant_resnet/runs/kth0d0pe
[Warning] Fused window process have not been installed. Please refer to get_started.md for installation.
Project Name: elephant_resnet
Experiment Name: lr001_bs16
WandB Run ID: None
Initializing new WandB run with name: lr001_bs16_train_inf
Initializing WandB run with name: lr001_bs16_train_inf
WandB Run Name: lr001_bs16_train_inf, Run ID: kth0d0pe
2025-11-21 13:46:46,158 project INFO: Saving model in the path :/media/mu/zoo_vision/training/PoseGuidedReID/logs/elephant_resnet/lr001_bs16
2025-11-21 13:46:46,158 project INFO: Namespace(config_file='/media/mu/zoo_vision/training/PoseGuidedReID/configs/elephant_resnet.yml', opts=['SOLVER.IMS_PER_BATCH', '16', 'SOLVER.MAX_EPOCHS', '120', 'SOLVER.BASE_LR', '0.05', 'SOLVER.STEPS', '(20, 40, 70)', 'SOLVER.OPTIMIZER_NAME', 'SGD', 'SOLVER.CHECKPOINT_PERIOD', '10', 'SOLVER.LOG_PERIOD', '100', 'SOLVER.WARMUP_EPOCHS', '5', 'MODEL.DIST_TRAIN', 'False', 'MODEL.AGG_POSE_FEATURE', 'False', 'DATALOADER.SAMPLER', 'softmax', 'OUTPUT_DIR', '/media/mu/zoo_vision/training/PoseGuidedReID/logs/elephant_resnet/lr001_bs16', 'TEST.MAX_RANK', '20', 'TEST.MAP_MAX_RANK', 'True'], local_rank=0, notes='Elephant ReID with ResNet50 backbone, triplet + softmax loss', out_dim=512, do_inference=True, do_evaluation=False, do_prediction=False, do_training=True, data_type=None, model_name='', wb_run_id=None)
2025-11-21 13:46:46,158 project INFO: Running with config:
DATALOADER:
  NUM_INSTANCE: 4
  NUM_WORKERS: 8
  SAMPLER: softmax
DATASETS:
  BODY_INPUT: False
  IDWISE_PERT: None
  IMAGEWISE_PERT: None
  IMG_DIR: /media/mu/zoo_vision/data/reid_time_split
  NAMES: elephant
  OVERFITTING: False
  ROOT_DIR: /media/mu/zoo_vision/data/reid_time_split
  SUB_TRAIN_YEAR: []
  TEST_IMG_DIR: None
  TEST_ROOT_DIR: None
  UPDATE_TRAIN_CSV: None
FUSED_LAYERNORM: False
FUSED_WINDOW_PROCESS: False
INPUT:
  IMG_SIZE: [256, 256]
  PADDING: 10
  PIXEL_MEAN: [0.485, 0.456, 0.406]
  PIXEL_STD: [0.229, 0.224, 0.225]
  PRE_SCALING: 0
  PROB: 0.5
  RE_PROB: 0.5
MODEL:
  AGG_POSE_FEATURE: False
  ATT_DROP_RATE: 0.0
  COS_LAYER: False
  DEVICE: cuda
  DEVICE_ID: (0,)
  DEVIDE_LENGTH: 4
  DIST_TRAIN: False
  DROP_OUT: 0.0
  DROP_PATH: 0.1
  DROP_PATH_RATE: 0.1
  DROP_RATE: 0.0
  EXTRACTED_POSE_FEATURE: False
  ID_LOSS_TYPE: softmax
  ID_LOSS_WEIGHT: 1.0
  IF_LABELSMOOTH: on
  IF_WITH_CENTER: no
  JPM: False
  LABEL_SMOOTHING: 0.1
  LAST_STRIDE: 1
  METRIC_LOSS_TYPE: triplet
  NAME: resnet50
  NECK: bnneck
  NO_MARGIN: True
  NUM_JOINTS: 13
  POSE_HRNET: hrnet_w48
  POSE_WEIGHT: ./checkpoints/pose/pose_hrnet_w32_bear_256x256_13kpts.pth
  PRETRAIN_CHOICE: imagenet
  PRETRAIN_PATH: 
  RESNET_EMBED_DIM: 2048
  RESUME: False
  RE_ARRANGE: True
  SHIFT_NUM: 5
  SHUFFLE_GROUP: 2
  SIE_CAMERA: False
  SIE_COE: 3.0
  SIE_VIEW: False
  STACKED_HEATMAP: True
  STRIDE_SIZE: [16, 16]
  SWIN:
    APE: False
    DEPTHS: [2, 2, 6, 2]
    EMBED_DIM: 512
    IN_CHANS: 3
    MLP_RATIO: 4.0
    NUM_HEADS: [3, 6, 12, 24]
    PATCH_NORM: True
    PATCH_SIZE: 4
    QKV_BIAS: True
    QK_SCALE: None
    WINDOW_SIZE: 7
  SWINV2:
    APE: False
    DEPTHS: [2, 2, 6, 2]
    EMBED_DIM: 96
    IN_CHANS: 3
    MLP_RATIO: 4.0
    NUM_HEADS: [3, 6, 12, 24]
    PATCH_NORM: True
    PATCH_SIZE: 4
    PRETRAINED_WINDOW_SIZES: [0, 0, 0, 0]
    QKV_BIAS: True
    USE_CHECKPOINT: False
    WINDOW_SIZE: 7
  TRIPLET_LOSS_WEIGHT: 1.0
  TYPE: resnet
  USE_CHECKPOINT: True
  VIT_EMBED_DIM: 768
OUTPUT_DIR: /media/mu/zoo_vision/training/PoseGuidedReID/logs/elephant_resnet/lr001_bs16
SOLVER:
  BASE_LR: 0.05
  BIAS_LR_FACTOR: 2
  CENTER_LOSS_WEIGHT: 0.0005
  CENTER_LR: 0.5
  CHECKPOINT_PERIOD: 10
  COSINE_MARGIN: 0.5
  COSINE_SCALE: 30
  EVAL_PERIOD: 20
  GAMMA: 0.1
  IMS_PER_BATCH: 16
  LARGE_FC_LR: False
  LOG_PERIOD: 100
  MARGIN: 0.3
  MAX_EPOCHS: 120
  MIN_LR: 5e-06
  MOMENTUM: 0.9
  OPTIMIZER_NAME: SGD
  SEED: 1234
  STEPS: (20, 40, 70)
  WARMUP_EPOCHS: 5
  WARMUP_FACTOR: 0.01
  WARMUP_LR: 1.25e-07
  WARMUP_METHOD: linear
  WEIGHT_DECAY: 0.0005
  WEIGHT_DECAY_BIAS: 0.0005
TEST:
  DIST_MAT: dist_mat.npy
  EVAL: True
  FEAT_NORM: yes
  FILTER_DATE: True
  IMS_PER_BATCH: 128
  MAP_MAX_RANK: True
  MAX_RANK: 20
  NECK_FEAT: after
  RE_RANKING: False
  WEIGHT: 
/media/mu/zoo_vision/training/PoseGuidedReID/venv/lib/python3.12/site-packages/torchvision/models/_utils.py:208: UserWarning: The parameter 'pretrained' is deprecated since 0.13 and may be removed in the future, please use 'weights' instead.
  warnings.warn(
/media/mu/zoo_vision/training/PoseGuidedReID/venv/lib/python3.12/site-packages/torchvision/models/_utils.py:223: UserWarning: Arguments other than a weight enum or `None` for 'weights' are deprecated since 0.13 and may be removed in the future. The current behavior is equivalent to passing `weights=ResNet50_Weights.IMAGENET1K_V1`. You can also use `weights=ResNet50_Weights.DEFAULT` to get the most up-to-date weights.
  warnings.warn(msg)
Processing elephant directory: /media/mu/zoo_vision/data/reid_time_split/train
Processing elephant directory: /media/mu/zoo_vision/data/reid_time_split/val
=> Elephant ReID data loaded
Dataset statistics:
  --------------------------------------------------------------------
  subset    | year(min-max) | #ids| #cameras| #images 
  --------------------------------------------------------------------
  ==== Time period: 2025-2025 ==== 
  train     | 2025-2025     | 5  |  4  |  62385
  test      | 2025-2025     | 5  |  4  |  11143
  --------------------------------------------------------------------
using softmax sampler
Loading pretrained ImageNet model from torchvision
===========building ResNet-50 ===========
2025-11-21 13:46:47,421 project.train INFO: start training
2025-11-21 13:46:52,728 project.train INFO: [Epoch1-iter0/3899]: Loss: 0.1896 Acc: 0.3750
2025-11-21 13:47:07,364 project.train INFO: [Epoch1-iter100/3899]: Loss: 0.2085 Acc: 0.5297
2025-11-21 13:47:21,391 project.train INFO: [Epoch1-iter200/3899]: Loss: 0.2070 Acc: 0.5780
2025-11-21 13:47:36,200 project.train INFO: [Epoch1-iter300/3899]: Loss: 0.1943 Acc: 0.6184
2025-11-21 13:47:50,665 project.train INFO: [Epoch1-iter400/3899]: Loss: 0.1913 Acc: 0.6445
2025-11-21 13:48:05,044 project.train INFO: [Epoch1-iter500/3899]: Loss: 0.1844 Acc: 0.6675
2025-11-21 13:48:19,622 project.train INFO: [Epoch1-iter600/3899]: Loss: 0.1764 Acc: 0.6912
2025-11-21 13:48:34,169 project.train INFO: [Epoch1-iter700/3899]: Loss: 0.1721 Acc: 0.7050
2025-11-21 13:48:48,799 project.train INFO: [Epoch1-iter800/3899]: Loss: 0.1672 Acc: 0.7199
2025-11-21 13:49:03,550 project.train INFO: [Epoch1-iter900/3899]: Loss: 0.1656 Acc: 0.7302
2025-11-21 13:49:18,758 project.train INFO: [Epoch1-iter1000/3899]: Loss: 0.1625 Acc: 0.7414
2025-11-21 13:49:33,300 project.train INFO: [Epoch1-iter1100/3899]: Loss: 0.1594 Acc: 0.7520
2025-11-21 13:49:47,907 project.train INFO: [Epoch1-iter1200/3899]: Loss: 0.1594 Acc: 0.7579
2025-11-21 13:50:02,005 project.train INFO: [Epoch1-iter1300/3899]: Loss: 0.1582 Acc: 0.7652
2025-11-21 13:50:17,003 project.train INFO: [Epoch1-iter1400/3899]: Loss: 0.1583 Acc: 0.7705
2025-11-21 13:50:31,608 project.train INFO: [Epoch1-iter1500/3899]: Loss: 0.1589 Acc: 0.7752
2025-11-21 13:50:45,696 project.train INFO: [Epoch1-iter1600/3899]: Loss: 0.1576 Acc: 0.7812
2025-11-21 13:51:00,294 project.train INFO: [Epoch1-iter1700/3899]: Loss: 0.1572 Acc: 0.7860
2025-11-21 13:51:15,297 project.train INFO: [Epoch1-iter1800/3899]: Loss: 0.1558 Acc: 0.7906
2025-11-21 13:51:30,686 project.train INFO: [Epoch1-iter1900/3899]: Loss: 0.1577 Acc: 0.7934
2025-11-21 13:51:45,282 project.train INFO: [Epoch1-iter2000/3899]: Loss: 0.1574 Acc: 0.7975
2025-11-21 13:52:00,125 project.train INFO: [Epoch1-iter2100/3899]: Loss: 0.1570 Acc: 0.8013
2025-11-21 13:52:14,958 project.train INFO: [Epoch1-iter2200/3899]: Loss: 0.1577 Acc: 0.8041
2025-11-21 13:52:30,096 project.train INFO: [Epoch1-iter2300/3899]: Loss: 0.1578 Acc: 0.8069
2025-11-21 13:52:45,408 project.train INFO: [Epoch1-iter2400/3899]: Loss: 0.1583 Acc: 0.8097
2025-11-21 13:53:00,882 project.train INFO: [Epoch1-iter2500/3899]: Loss: 0.1589 Acc: 0.8124
2025-11-21 13:53:15,572 project.train INFO: [Epoch1-iter2600/3899]: Loss: 0.1603 Acc: 0.8142
2025-11-21 13:53:30,062 project.train INFO: [Epoch1-iter2700/3899]: Loss: 0.1617 Acc: 0.8158
2025-11-21 13:53:44,673 project.train INFO: [Epoch1-iter2800/3899]: Loss: 0.1632 Acc: 0.8176
2025-11-21 13:53:59,816 project.train INFO: [Epoch1-iter2900/3899]: Loss: 0.1657 Acc: 0.8189
2025-11-21 13:54:14,705 project.train INFO: [Epoch1-iter3000/3899]: Loss: 0.1664 Acc: 0.8209
2025-11-21 13:54:29,528 project.train INFO: [Epoch1-iter3100/3899]: Loss: 0.1676 Acc: 0.8224
2025-11-21 13:54:44,242 project.train INFO: [Epoch1-iter3200/3899]: Loss: 0.1688 Acc: 0.8241
2025-11-21 13:54:58,838 project.train INFO: [Epoch1-iter3300/3899]: Loss: 0.1696 Acc: 0.8264
2025-11-21 13:55:14,136 project.train INFO: [Epoch1-iter3400/3899]: Loss: 0.1712 Acc: 0.8275
2025-11-21 13:55:29,915 project.train INFO: [Epoch1-iter3500/3899]: Loss: 0.1735 Acc: 0.8283
2025-11-21 13:55:45,215 project.train INFO: [Epoch1-iter3600/3899]: Loss: 0.1749 Acc: 0.8296
2025-11-21 13:56:00,446 project.train INFO: [Epoch1-iter3700/3899]: Loss: 0.1766 Acc: 0.8306
2025-11-21 13:56:15,711 project.train INFO: [Epoch1-iter3800/3899]: Loss: 0.1787 Acc: 0.8316
2025-11-21 13:56:29,975 project.train INFO: [Epoch1-iter3898/3899]: Loss: 0.1817 Acc: 0.8321
2025-11-21 13:56:29,992 project.train INFO: [Epoch1]: Loss: 0.1817 Acc: 0.8321
2025-11-21 13:56:30,944 project.train INFO: [Epoch2-iter0/3899]: Loss: 0.2751 Acc: 0.6875
2025-11-21 13:56:46,297 project.train INFO: [Epoch2-iter100/3899]: Loss: 0.3225 Acc: 0.8509
2025-11-21 13:57:01,570 project.train INFO: [Epoch2-iter200/3899]: Loss: 0.3462 Acc: 0.8321
2025-11-21 13:57:16,383 project.train INFO: [Epoch2-iter300/3899]: Loss: 0.3316 Acc: 0.8399
2025-11-21 13:57:31,896 project.train INFO: [Epoch2-iter400/3899]: Loss: 0.3399 Acc: 0.8348
2025-11-21 13:57:47,457 project.train INFO: [Epoch2-iter500/3899]: Loss: 0.3491 Acc: 0.8322
2025-11-21 13:58:02,067 project.train INFO: [Epoch2-iter600/3899]: Loss: 0.3469 Acc: 0.8351
2025-11-21 13:58:16,893 project.train INFO: [Epoch2-iter700/3899]: Loss: 0.3478 Acc: 0.8359
2025-11-21 13:58:31,533 project.train INFO: [Epoch2-iter800/3899]: Loss: 0.3542 Acc: 0.8379
2025-11-21 13:58:46,493 project.train INFO: [Epoch2-iter900/3899]: Loss: 0.3623 Acc: 0.8366
2025-11-21 13:59:01,964 project.train INFO: [Epoch2-iter1000/3899]: Loss: 0.3653 Acc: 0.8357
2025-11-21 13:59:17,928 project.train INFO: [Epoch2-iter1100/3899]: Loss: 0.3571 Acc: 0.8392
2025-11-21 13:59:33,610 project.train INFO: [Epoch2-iter1200/3899]: Loss: 0.3538 Acc: 0.8416
2025-11-21 13:59:48,729 project.train INFO: [Epoch2-iter1300/3899]: Loss: 0.3506 Acc: 0.8438
2025-11-21 14:00:03,862 project.train INFO: [Epoch2-iter1400/3899]: Loss: 0.3505 Acc: 0.8460
2025-11-21 14:00:19,115 project.train INFO: [Epoch2-iter1500/3899]: Loss: 0.3531 Acc: 0.8465
2025-11-21 14:00:34,663 project.train INFO: [Epoch2-iter1600/3899]: Loss: 0.3540 Acc: 0.8473
2025-11-21 14:00:49,862 project.train INFO: [Epoch2-iter1700/3899]: Loss: 0.3642 Acc: 0.8447
2025-11-21 14:01:05,229 project.train INFO: [Epoch2-iter1800/3899]: Loss: 0.3693 Acc: 0.8437
2025-11-21 14:01:20,497 project.train INFO: [Epoch2-iter1900/3899]: Loss: 0.3711 Acc: 0.8438
2025-11-21 14:01:35,351 project.train INFO: [Epoch2-iter2000/3899]: Loss: 0.3739 Acc: 0.8440
2025-11-21 14:01:50,783 project.train INFO: [Epoch2-iter2100/3899]: Loss: 0.3752 Acc: 0.8450
2025-11-21 14:02:06,767 project.train INFO: [Epoch2-iter2200/3899]: Loss: 0.3795 Acc: 0.8444
2025-11-21 14:02:21,877 project.train INFO: [Epoch2-iter2300/3899]: Loss: 0.3812 Acc: 0.8448
2025-11-21 14:02:36,896 project.train INFO: [Epoch2-iter2400/3899]: Loss: 0.3838 Acc: 0.8447
2025-11-21 14:02:51,110 project.train INFO: [Epoch2-iter2500/3899]: Loss: 0.3905 Acc: 0.8435
2025-11-21 14:03:06,460 project.train INFO: [Epoch2-iter2600/3899]: Loss: 0.3971 Acc: 0.8426
2025-11-21 14:03:21,512 project.train INFO: [Epoch2-iter2700/3899]: Loss: 0.4023 Acc: 0.8417
2025-11-21 14:03:36,546 project.train INFO: [Epoch2-iter2800/3899]: Loss: 0.4091 Acc: 0.8412
2025-11-21 14:03:52,205 project.train INFO: [Epoch2-iter2900/3899]: Loss: 0.4205 Acc: 0.8398
2025-11-21 14:04:07,135 project.train INFO: [Epoch2-iter3000/3899]: Loss: 0.4310 Acc: 0.8375
2025-11-21 14:04:23,117 project.train INFO: [Epoch2-iter3100/3899]: Loss: 0.4323 Acc: 0.8376
2025-11-21 14:04:37,927 project.train INFO: [Epoch2-iter3200/3899]: Loss: 0.4310 Acc: 0.8384
2025-11-21 14:04:53,111 project.train INFO: [Epoch2-iter3300/3899]: Loss: 0.4320 Acc: 0.8391
2025-11-21 14:05:07,531 project.train INFO: [Epoch2-iter3400/3899]: Loss: 0.4424 Acc: 0.8379
2025-11-21 14:05:22,777 project.train INFO: [Epoch2-iter3500/3899]: Loss: 0.4488 Acc: 0.8371
2025-11-21 14:05:37,778 project.train INFO: [Epoch2-iter3600/3899]: Loss: 0.4480 Acc: 0.8376
2025-11-21 14:05:52,726 project.train INFO: [Epoch2-iter3700/3899]: Loss: 0.4527 Acc: 0.8378
2025-11-21 14:06:07,445 project.train INFO: [Epoch2-iter3800/3899]: Loss: 0.4603 Acc: 0.8369
2025-11-21 14:06:22,116 project.train INFO: [Epoch2-iter3898/3899]: Loss: 0.4634 Acc: 0.8367
2025-11-21 14:06:22,139 project.train INFO: [Epoch2]: Loss: 0.4634 Acc: 0.8367
2025-11-21 14:06:22,814 project.train INFO: [Epoch3-iter0/3899]: Loss: 0.7427 Acc: 0.8125
2025-11-21 14:06:38,319 project.train INFO: [Epoch3-iter100/3899]: Loss: 0.6210 Acc: 0.8373
2025-11-21 14:06:53,518 project.train INFO: [Epoch3-iter200/3899]: Loss: 0.5632 Acc: 0.8514
2025-11-21 14:07:08,412 project.train INFO: [Epoch3-iter300/3899]: Loss: 0.5601 Acc: 0.8507
2025-11-21 14:07:24,422 project.train INFO: [Epoch3-iter400/3899]: Loss: 0.5519 Acc: 0.8557
2025-11-21 14:07:39,634 project.train INFO: [Epoch3-iter500/3899]: Loss: 0.5422 Acc: 0.8583
2025-11-21 14:07:54,506 project.train INFO: [Epoch3-iter600/3899]: Loss: 0.6085 Acc: 0.8460
2025-11-21 14:08:09,998 project.train INFO: [Epoch3-iter700/3899]: Loss: 0.6936 Acc: 0.8302
2025-11-21 14:08:25,834 project.train INFO: [Epoch3-iter800/3899]: Loss: 0.7052 Acc: 0.8285
2025-11-21 14:08:41,168 project.train INFO: [Epoch3-iter900/3899]: Loss: 0.6866 Acc: 0.8305
2025-11-21 14:08:55,855 project.train INFO: [Epoch3-iter1000/3899]: Loss: 0.6772 Acc: 0.8335
2025-11-21 14:09:11,549 project.train INFO: [Epoch3-iter1100/3899]: Loss: 0.6630 Acc: 0.8357
2025-11-21 14:09:26,259 project.train INFO: [Epoch3-iter1200/3899]: Loss: 0.6501 Acc: 0.8384
2025-11-21 14:09:41,419 project.train INFO: [Epoch3-iter1300/3899]: Loss: 0.6522 Acc: 0.8376
2025-11-21 14:09:56,571 project.train INFO: [Epoch3-iter1400/3899]: Loss: 0.6462 Acc: 0.8392
2025-11-21 14:10:11,462 project.train INFO: [Epoch3-iter1500/3899]: Loss: 0.6396 Acc: 0.8413
2025-11-21 14:10:26,478 project.train INFO: [Epoch3-iter1600/3899]: Loss: 0.6341 Acc: 0.8437
2025-11-21 14:10:41,762 project.train INFO: [Epoch3-iter1700/3899]: Loss: 0.6266 Acc: 0.8458
2025-11-21 14:10:56,526 project.train INFO: [Epoch3-iter1800/3899]: Loss: 0.6190 Acc: 0.8477
2025-11-21 14:11:12,215 project.train INFO: [Epoch3-iter1900/3899]: Loss: 0.6169 Acc: 0.8495
2025-11-21 14:11:27,572 project.train INFO: [Epoch3-iter2000/3899]: Loss: 0.6243 Acc: 0.8481
2025-11-21 14:11:43,661 project.train INFO: [Epoch3-iter2100/3899]: Loss: 0.6426 Acc: 0.8454
2025-11-21 14:11:59,650 project.train INFO: [Epoch3-iter2200/3899]: Loss: 0.6460 Acc: 0.8446
2025-11-21 14:12:15,575 project.train INFO: [Epoch3-iter2300/3899]: Loss: 0.6381 Acc: 0.8459
2025-11-21 14:12:31,035 project.train INFO: [Epoch3-iter2400/3899]: Loss: 0.6305 Acc: 0.8476
2025-11-21 14:12:46,588 project.train INFO: [Epoch3-iter2500/3899]: Loss: 0.6285 Acc: 0.8487
2025-11-21 14:13:04,136 project.train INFO: [Epoch3-iter2600/3899]: Loss: 0.6207 Acc: 0.8507
2025-11-21 14:13:22,916 project.train INFO: [Epoch3-iter2700/3899]: Loss: 0.6159 Acc: 0.8525
2025-11-21 14:13:38,915 project.train INFO: [Epoch3-iter2800/3899]: Loss: 0.6088 Acc: 0.8543
2025-11-21 14:13:55,134 project.train INFO: [Epoch3-iter2900/3899]: Loss: 0.6056 Acc: 0.8555
2025-11-21 14:14:10,940 project.train INFO: [Epoch3-iter3000/3899]: Loss: 0.6075 Acc: 0.8554
2025-11-21 14:14:27,054 project.train INFO: [Epoch3-iter3100/3899]: Loss: 0.6116 Acc: 0.8556
2025-11-21 14:14:43,298 project.train INFO: [Epoch3-iter3200/3899]: Loss: 0.6189 Acc: 0.8546
2025-11-21 14:15:00,304 project.train INFO: [Epoch3-iter3300/3899]: Loss: 0.6213 Acc: 0.8547
2025-11-21 14:15:17,729 project.train INFO: [Epoch3-iter3400/3899]: Loss: 0.6236 Acc: 0.8546
2025-11-21 14:15:34,451 project.train INFO: [Epoch3-iter3500/3899]: Loss: 0.6219 Acc: 0.8550
2025-11-21 14:15:51,123 project.train INFO: [Epoch3-iter3600/3899]: Loss: 0.6196 Acc: 0.8560
2025-11-21 14:16:06,605 project.train INFO: [Epoch3-iter3700/3899]: Loss: 0.6231 Acc: 0.8558
2025-11-21 14:16:22,886 project.train INFO: [Epoch3-iter3800/3899]: Loss: 0.6218 Acc: 0.8567
2025-11-21 14:16:38,046 project.train INFO: [Epoch3-iter3898/3899]: Loss: 0.6206 Acc: 0.8574
2025-11-21 14:16:38,122 project.train INFO: [Epoch3]: Loss: 0.6206 Acc: 0.8574
2025-11-21 14:16:38,808 project.train INFO: [Epoch4-iter0/3899]: Loss: 0.5328 Acc: 0.8750
2025-11-21 14:16:54,577 project.train INFO: [Epoch4-iter100/3899]: Loss: 0.6093 Acc: 0.8707
2025-11-21 14:17:10,647 project.train INFO: [Epoch4-iter200/3899]: Loss: 0.6180 Acc: 0.8744
2025-11-21 14:17:25,942 project.train INFO: [Epoch4-iter300/3899]: Loss: 0.6457 Acc: 0.8706
2025-11-21 14:17:41,644 project.train INFO: [Epoch4-iter400/3899]: Loss: 0.6421 Acc: 0.8720
2025-11-21 14:17:57,515 project.train INFO: [Epoch4-iter500/3899]: Loss: 0.6861 Acc: 0.8653
2025-11-21 14:18:14,425 project.train INFO: [Epoch4-iter600/3899]: Loss: 0.6925 Acc: 0.8623
2025-11-21 14:18:30,491 project.train INFO: [Epoch4-iter700/3899]: Loss: 0.6766 Acc: 0.8636
2025-11-21 14:18:45,768 project.train INFO: [Epoch4-iter800/3899]: Loss: 0.7446 Acc: 0.8556
2025-11-21 14:19:01,600 project.train INFO: [Epoch4-iter900/3899]: Loss: 0.8019 Acc: 0.8480
2025-11-21 14:19:17,300 project.train INFO: [Epoch4-iter1000/3899]: Loss: 0.7982 Acc: 0.8472
2025-11-21 14:19:32,317 project.train INFO: [Epoch4-iter1100/3899]: Loss: 0.7748 Acc: 0.8500
2025-11-21 14:19:48,733 project.train INFO: [Epoch4-iter1200/3899]: Loss: 0.7536 Acc: 0.8540
2025-11-21 14:20:04,681 project.train INFO: [Epoch4-iter1300/3899]: Loss: 0.7341 Acc: 0.8580
2025-11-21 14:20:21,192 project.train INFO: [Epoch4-iter1400/3899]: Loss: 0.7450 Acc: 0.8569
2025-11-21 14:20:36,344 project.train INFO: [Epoch4-iter1500/3899]: Loss: 0.7451 Acc: 0.8568
2025-11-21 14:20:51,845 project.train INFO: [Epoch4-iter1600/3899]: Loss: 0.7400 Acc: 0.8577
2025-11-21 14:21:07,163 project.train INFO: [Epoch4-iter1700/3899]: Loss: 0.7535 Acc: 0.8550
2025-11-21 14:21:23,013 project.train INFO: [Epoch4-iter1800/3899]: Loss: 0.7526 Acc: 0.8548
2025-11-21 14:21:38,961 project.train INFO: [Epoch4-iter1900/3899]: Loss: 0.7438 Acc: 0.8565
2025-11-21 14:21:54,548 project.train INFO: [Epoch4-iter2000/3899]: Loss: 0.7362 Acc: 0.8580
2025-11-21 14:22:11,997 project.train INFO: [Epoch4-iter2100/3899]: Loss: 0.7291 Acc: 0.8602
2025-11-21 14:22:28,484 project.train INFO: [Epoch4-iter2200/3899]: Loss: 0.7249 Acc: 0.8611
2025-11-21 14:22:44,431 project.train INFO: [Epoch4-iter2300/3899]: Loss: 0.7130 Acc: 0.8634
2025-11-21 14:23:00,458 project.train INFO: [Epoch4-iter2400/3899]: Loss: 0.7048 Acc: 0.8655
2025-11-21 14:23:15,935 project.train INFO: [Epoch4-iter2500/3899]: Loss: 0.6989 Acc: 0.8667
2025-11-21 14:23:31,877 project.train INFO: [Epoch4-iter2600/3899]: Loss: 0.6907 Acc: 0.8684
2025-11-21 14:23:46,635 project.train INFO: [Epoch4-iter2700/3899]: Loss: 0.6824 Acc: 0.8698
2025-11-21 14:24:02,301 project.train INFO: [Epoch4-iter2800/3899]: Loss: 0.6784 Acc: 0.8711
2025-11-21 14:24:18,251 project.train INFO: [Epoch4-iter2900/3899]: Loss: 0.6785 Acc: 0.8718
2025-11-21 14:24:33,929 project.train INFO: [Epoch4-iter3000/3899]: Loss: 0.6776 Acc: 0.8726
2025-11-21 14:24:49,955 project.train INFO: [Epoch4-iter3100/3899]: Loss: 0.6727 Acc: 0.8734
2025-11-21 14:25:05,441 project.train INFO: [Epoch4-iter3200/3899]: Loss: 0.6696 Acc: 0.8744
2025-11-21 14:25:21,517 project.train INFO: [Epoch4-iter3300/3899]: Loss: 0.6666 Acc: 0.8753
2025-11-21 14:25:36,446 project.train INFO: [Epoch4-iter3400/3899]: Loss: 0.6659 Acc: 0.8757
2025-11-21 14:25:51,804 project.train INFO: [Epoch4-iter3500/3899]: Loss: 0.6662 Acc: 0.8762
2025-11-21 14:26:06,663 project.train INFO: [Epoch4-iter3600/3899]: Loss: 0.6672 Acc: 0.8763
2025-11-21 14:26:20,921 project.train INFO: [Epoch4-iter3700/3899]: Loss: 0.6650 Acc: 0.8769
2025-11-21 14:26:36,088 project.train INFO: [Epoch4-iter3800/3899]: Loss: 0.6616 Acc: 0.8776
2025-11-21 14:26:51,273 project.train INFO: [Epoch4-iter3898/3899]: Loss: 0.6644 Acc: 0.8774
2025-11-21 14:26:51,302 project.train INFO: [Epoch4]: Loss: 0.6644 Acc: 0.8774
2025-11-21 14:26:51,846 project.train INFO: [Epoch5-iter0/3899]: Loss: 1.4211 Acc: 0.6875
2025-11-21 14:27:07,054 project.train INFO: [Epoch5-iter100/3899]: Loss: 1.3864 Acc: 0.8026
2025-11-21 14:27:24,961 project.train INFO: [Epoch5-iter200/3899]: Loss: 1.6320 Acc: 0.7879
2025-11-21 14:27:40,471 project.train INFO: [Epoch5-iter300/3899]: Loss: 2.3690 Acc: 0.7203
2025-11-21 14:27:56,317 project.train INFO: [Epoch5-iter400/3899]: Loss: 2.5078 Acc: 0.6998
2025-11-21 14:28:18,858 project.train INFO: [Epoch5-iter500/3899]: Loss: 2.2978 Acc: 0.7167
2025-11-21 14:28:34,221 project.train INFO: [Epoch5-iter600/3899]: Loss: 2.1515 Acc: 0.7313
2025-11-21 14:28:49,971 project.train INFO: [Epoch5-iter700/3899]: Loss: 2.0183 Acc: 0.7453
2025-11-21 14:29:05,333 project.train INFO: [Epoch5-iter800/3899]: Loss: 1.8701 Acc: 0.7617
2025-11-21 14:29:20,084 project.train INFO: [Epoch5-iter900/3899]: Loss: 1.7647 Acc: 0.7734
2025-11-21 14:29:37,096 project.train INFO: [Epoch5-iter1000/3899]: Loss: 1.6979 Acc: 0.7809
2025-11-21 14:29:54,957 project.train INFO: [Epoch5-iter1100/3899]: Loss: 1.6162 Acc: 0.7900
2025-11-21 14:30:10,142 project.train INFO: [Epoch5-iter1200/3899]: Loss: 1.5386 Acc: 0.7996
2025-11-21 14:30:27,216 project.train INFO: [Epoch5-iter1300/3899]: Loss: 1.4780 Acc: 0.8062
2025-11-21 14:30:42,203 project.train INFO: [Epoch5-iter1400/3899]: Loss: 1.4202 Acc: 0.8124
2025-11-21 14:30:58,074 project.train INFO: [Epoch5-iter1500/3899]: Loss: 1.3695 Acc: 0.8185
2025-11-21 14:31:13,801 project.train INFO: [Epoch5-iter1600/3899]: Loss: 1.3285 Acc: 0.8239
2025-11-21 14:31:29,265 project.train INFO: [Epoch5-iter1700/3899]: Loss: 1.2934 Acc: 0.8279
2025-11-21 14:31:44,998 project.train INFO: [Epoch5-iter1800/3899]: Loss: 1.2530 Acc: 0.8325
2025-11-21 14:32:00,333 project.train INFO: [Epoch5-iter1900/3899]: Loss: 1.2211 Acc: 0.8366
2025-11-21 14:32:17,640 project.train INFO: [Epoch5-iter2000/3899]: Loss: 1.1898 Acc: 0.8407
2025-11-21 14:32:34,301 project.train INFO: [Epoch5-iter2100/3899]: Loss: 1.1656 Acc: 0.8436
2025-11-21 14:32:49,597 project.train INFO: [Epoch5-iter2200/3899]: Loss: 1.1390 Acc: 0.8473
2025-11-21 14:33:05,359 project.train INFO: [Epoch5-iter2300/3899]: Loss: 1.1130 Acc: 0.8504
2025-11-21 14:33:21,401 project.train INFO: [Epoch5-iter2400/3899]: Loss: 1.0889 Acc: 0.8531
2025-11-21 14:33:37,569 project.train INFO: [Epoch5-iter2500/3899]: Loss: 1.0707 Acc: 0.8550
2025-11-21 14:33:56,093 project.train INFO: [Epoch5-iter2600/3899]: Loss: 1.0517 Acc: 0.8572
2025-11-21 14:34:13,216 project.train INFO: [Epoch5-iter2700/3899]: Loss: 1.0314 Acc: 0.8597
2025-11-21 14:34:29,614 project.train INFO: [Epoch5-iter2800/3899]: Loss: 1.0118 Acc: 0.8621
2025-11-21 14:34:46,157 project.train INFO: [Epoch5-iter2900/3899]: Loss: 0.9929 Acc: 0.8646
2025-11-21 14:35:03,117 project.train INFO: [Epoch5-iter3000/3899]: Loss: 0.9756 Acc: 0.8667
2025-11-21 14:35:18,476 project.train INFO: [Epoch5-iter3100/3899]: Loss: 0.9611 Acc: 0.8683
2025-11-21 14:35:35,377 project.train INFO: [Epoch5-iter3200/3899]: Loss: 0.9440 Acc: 0.8706
2025-11-21 14:35:51,420 project.train INFO: [Epoch5-iter3300/3899]: Loss: 0.9300 Acc: 0.8723
2025-11-21 14:36:07,764 project.train INFO: [Epoch5-iter3400/3899]: Loss: 0.9163 Acc: 0.8743
2025-11-21 14:36:25,982 project.train INFO: [Epoch5-iter3500/3899]: Loss: 0.9034 Acc: 0.8760
2025-11-21 14:36:45,396 project.train INFO: [Epoch5-iter3600/3899]: Loss: 0.8892 Acc: 0.8779
2025-11-21 14:37:01,497 project.train INFO: [Epoch5-iter3700/3899]: Loss: 0.8745 Acc: 0.8801
2025-11-21 14:37:18,092 project.train INFO: [Epoch5-iter3800/3899]: Loss: 0.8621 Acc: 0.8818
2025-11-21 14:37:36,108 project.train INFO: [Epoch5-iter3898/3899]: Loss: 0.8512 Acc: 0.8833
2025-11-21 14:37:36,137 project.train INFO: [Epoch5]: Loss: 0.8512 Acc: 0.8833
2025-11-21 14:37:36,848 project.train INFO: [Epoch6-iter0/3899]: Loss: 0.4443 Acc: 0.9375
2025-11-21 14:37:52,234 project.train INFO: [Epoch6-iter100/3899]: Loss: 0.4100 Acc: 0.9425
2025-11-21 14:38:07,512 project.train INFO: [Epoch6-iter200/3899]: Loss: 0.4170 Acc: 0.9384
2025-11-21 14:38:23,722 project.train INFO: [Epoch6-iter300/3899]: Loss: 0.4146 Acc: 0.9408
2025-11-21 14:38:40,290 project.train INFO: [Epoch6-iter400/3899]: Loss: 0.4211 Acc: 0.9411
2025-11-21 14:38:59,484 project.train INFO: [Epoch6-iter500/3899]: Loss: 0.4184 Acc: 0.9414
2025-11-21 14:39:16,236 project.train INFO: [Epoch6-iter600/3899]: Loss: 0.4212 Acc: 0.9412
2025-11-21 14:39:32,047 project.train INFO: [Epoch6-iter700/3899]: Loss: 0.4133 Acc: 0.9422
2025-11-21 14:39:48,802 project.train INFO: [Epoch6-iter800/3899]: Loss: 0.4191 Acc: 0.9416
2025-11-21 14:40:05,751 project.train INFO: [Epoch6-iter900/3899]: Loss: 0.4193 Acc: 0.9417
2025-11-21 14:40:21,786 project.train INFO: [Epoch6-iter1000/3899]: Loss: 0.4192 Acc: 0.9418
2025-11-21 14:40:37,855 project.train INFO: [Epoch6-iter1100/3899]: Loss: 0.4190 Acc: 0.9417
2025-11-21 14:40:53,424 project.train INFO: [Epoch6-iter1200/3899]: Loss: 0.4144 Acc: 0.9425
2025-11-21 14:41:09,614 project.train INFO: [Epoch6-iter1300/3899]: Loss: 0.4118 Acc: 0.9432
2025-11-21 14:41:25,935 project.train INFO: [Epoch6-iter1400/3899]: Loss: 0.4155 Acc: 0.9417
2025-11-21 14:41:42,929 project.train INFO: [Epoch6-iter1500/3899]: Loss: 0.4166 Acc: 0.9421
2025-11-21 14:41:59,197 project.train INFO: [Epoch6-iter1600/3899]: Loss: 0.4180 Acc: 0.9419
2025-11-21 14:42:16,274 project.train INFO: [Epoch6-iter1700/3899]: Loss: 0.4176 Acc: 0.9418
2025-11-21 14:42:33,789 project.train INFO: [Epoch6-iter1800/3899]: Loss: 0.4167 Acc: 0.9418
2025-11-21 14:42:50,095 project.train INFO: [Epoch6-iter1900/3899]: Loss: 0.4156 Acc: 0.9420
2025-11-21 14:43:05,328 project.train INFO: [Epoch6-iter2000/3899]: Loss: 0.4138 Acc: 0.9422
2025-11-21 14:43:20,533 project.train INFO: [Epoch6-iter2100/3899]: Loss: 0.4136 Acc: 0.9421
2025-11-21 14:43:36,673 project.train INFO: [Epoch6-iter2200/3899]: Loss: 0.4128 Acc: 0.9420
2025-11-21 14:43:52,716 project.train INFO: [Epoch6-iter2300/3899]: Loss: 0.4127 Acc: 0.9419
2025-11-21 14:44:11,074 project.train INFO: [Epoch6-iter2400/3899]: Loss: 0.4117 Acc: 0.9422
2025-11-21 14:44:27,549 project.train INFO: [Epoch6-iter2500/3899]: Loss: 0.4110 Acc: 0.9422
2025-11-21 14:44:44,495 project.train INFO: [Epoch6-iter2600/3899]: Loss: 0.4077 Acc: 0.9428
2025-11-21 14:44:59,990 project.train INFO: [Epoch6-iter2700/3899]: Loss: 0.4064 Acc: 0.9431
2025-11-21 14:45:16,726 project.train INFO: [Epoch6-iter2800/3899]: Loss: 0.4037 Acc: 0.9436
2025-11-21 14:45:35,461 project.train INFO: [Epoch6-iter2900/3899]: Loss: 0.4041 Acc: 0.9438
2025-11-21 14:45:52,748 project.train INFO: [Epoch6-iter3000/3899]: Loss: 0.4032 Acc: 0.9442
2025-11-21 14:46:08,106 project.train INFO: [Epoch6-iter3100/3899]: Loss: 0.4020 Acc: 0.9443
2025-11-21 14:46:24,772 project.train INFO: [Epoch6-iter3200/3899]: Loss: 0.4043 Acc: 0.9442
2025-11-21 14:46:40,237 project.train INFO: [Epoch6-iter3300/3899]: Loss: 0.4023 Acc: 0.9444
2025-11-21 14:46:55,884 project.train INFO: [Epoch6-iter3400/3899]: Loss: 0.4016 Acc: 0.9445
2025-11-21 14:47:11,682 project.train INFO: [Epoch6-iter3500/3899]: Loss: 0.4013 Acc: 0.9446
2025-11-21 14:47:27,633 project.train INFO: [Epoch6-iter3600/3899]: Loss: 0.4032 Acc: 0.9441
2025-11-21 14:47:42,927 project.train INFO: [Epoch6-iter3700/3899]: Loss: 0.4044 Acc: 0.9440
2025-11-21 14:48:01,229 project.train INFO: [Epoch6-iter3800/3899]: Loss: 0.4053 Acc: 0.9438
2025-11-21 14:48:19,103 project.train INFO: [Epoch6-iter3898/3899]: Loss: 0.4057 Acc: 0.9437
2025-11-21 14:48:19,142 project.train INFO: [Epoch6]: Loss: 0.4057 Acc: 0.9437
2025-11-21 14:48:19,737 project.train INFO: [Epoch7-iter0/3899]: Loss: 0.0014 Acc: 1.0000
2025-11-21 14:48:35,616 project.train INFO: [Epoch7-iter100/3899]: Loss: 0.3960 Acc: 0.9462
2025-11-21 14:48:50,761 project.train INFO: [Epoch7-iter200/3899]: Loss: 0.3802 Acc: 0.9462
2025-11-21 14:49:06,510 project.train INFO: [Epoch7-iter300/3899]: Loss: 0.3801 Acc: 0.9483
2025-11-21 14:49:22,567 project.train INFO: [Epoch7-iter400/3899]: Loss: 0.3805 Acc: 0.9489
2025-11-21 14:49:38,330 project.train INFO: [Epoch7-iter500/3899]: Loss: 0.3866 Acc: 0.9471
2025-11-21 14:49:53,827 project.train INFO: [Epoch7-iter600/3899]: Loss: 0.3762 Acc: 0.9494
2025-11-21 14:50:09,756 project.train INFO: [Epoch7-iter700/3899]: Loss: 0.3746 Acc: 0.9500
2025-11-21 14:50:25,068 project.train INFO: [Epoch7-iter800/3899]: Loss: 0.3722 Acc: 0.9499
2025-11-21 14:50:40,132 project.train INFO: [Epoch7-iter900/3899]: Loss: 0.3722 Acc: 0.9492
2025-11-21 14:50:55,432 project.train INFO: [Epoch7-iter1000/3899]: Loss: 0.3720 Acc: 0.9496
2025-11-21 14:51:09,937 project.train INFO: [Epoch7-iter1100/3899]: Loss: 0.3702 Acc: 0.9502
2025-11-21 14:51:25,840 project.train INFO: [Epoch7-iter1200/3899]: Loss: 0.3648 Acc: 0.9510
2025-11-21 14:51:41,175 project.train INFO: [Epoch7-iter1300/3899]: Loss: 0.3632 Acc: 0.9513
2025-11-21 14:51:56,522 project.train INFO: [Epoch7-iter1400/3899]: Loss: 0.3619 Acc: 0.9515
2025-11-21 14:52:11,565 project.train INFO: [Epoch7-iter1500/3899]: Loss: 0.3655 Acc: 0.9511
2025-11-21 14:52:27,901 project.train INFO: [Epoch7-iter1600/3899]: Loss: 0.3669 Acc: 0.9507
2025-11-21 14:52:43,784 project.train INFO: [Epoch7-iter1700/3899]: Loss: 0.3652 Acc: 0.9512
2025-11-21 14:53:00,370 project.train INFO: [Epoch7-iter1800/3899]: Loss: 0.3681 Acc: 0.9505
2025-11-21 14:53:15,938 project.train INFO: [Epoch7-iter1900/3899]: Loss: 0.3674 Acc: 0.9508
2025-11-21 14:53:31,854 project.train INFO: [Epoch7-iter2000/3899]: Loss: 0.3694 Acc: 0.9502
2025-11-21 14:53:48,699 project.train INFO: [Epoch7-iter2100/3899]: Loss: 0.3683 Acc: 0.9505
2025-11-21 14:54:04,994 project.train INFO: [Epoch7-iter2200/3899]: Loss: 0.3686 Acc: 0.9506
2025-11-21 14:54:20,565 project.train INFO: [Epoch7-iter2300/3899]: Loss: 0.3665 Acc: 0.9508
2025-11-21 14:54:36,586 project.train INFO: [Epoch7-iter2400/3899]: Loss: 0.3674 Acc: 0.9506
2025-11-21 14:54:52,484 project.train INFO: [Epoch7-iter2500/3899]: Loss: 0.3670 Acc: 0.9508
2025-11-21 14:55:09,708 project.train INFO: [Epoch7-iter2600/3899]: Loss: 0.3631 Acc: 0.9515
2025-11-21 14:55:26,230 project.train INFO: [Epoch7-iter2700/3899]: Loss: 0.3631 Acc: 0.9516
2025-11-21 14:55:43,965 project.train INFO: [Epoch7-iter2800/3899]: Loss: 0.3628 Acc: 0.9515
2025-11-21 14:56:02,004 project.train INFO: [Epoch7-iter2900/3899]: Loss: 0.3621 Acc: 0.9515
2025-11-21 14:56:19,976 project.train INFO: [Epoch7-iter3000/3899]: Loss: 0.3612 Acc: 0.9518
2025-11-21 14:56:36,494 project.train INFO: [Epoch7-iter3100/3899]: Loss: 0.3602 Acc: 0.9520
2025-11-21 14:56:54,776 project.train INFO: [Epoch7-iter3200/3899]: Loss: 0.3587 Acc: 0.9524
2025-11-21 14:57:12,739 project.train INFO: [Epoch7-iter3300/3899]: Loss: 0.3580 Acc: 0.9525
2025-11-21 14:57:29,815 project.train INFO: [Epoch7-iter3400/3899]: Loss: 0.3579 Acc: 0.9524
2025-11-21 14:57:46,336 project.train INFO: [Epoch7-iter3500/3899]: Loss: 0.3578 Acc: 0.9525
2025-11-21 14:58:02,704 project.train INFO: [Epoch7-iter3600/3899]: Loss: 0.3580 Acc: 0.9524
2025-11-21 14:58:18,486 project.train INFO: [Epoch7-iter3700/3899]: Loss: 0.3581 Acc: 0.9522
2025-11-21 14:58:33,727 project.train INFO: [Epoch7-iter3800/3899]: Loss: 0.3582 Acc: 0.9523
2025-11-21 14:58:49,067 project.train INFO: [Epoch7-iter3898/3899]: Loss: 0.3569 Acc: 0.9524
2025-11-21 14:58:49,141 project.train INFO: [Epoch7]: Loss: 0.3569 Acc: 0.9524
2025-11-21 14:58:49,818 project.train INFO: [Epoch8-iter0/3899]: Loss: 0.5451 Acc: 0.9375
2025-11-21 14:59:05,797 project.train INFO: [Epoch8-iter100/3899]: Loss: 0.3428 Acc: 0.9536
2025-11-21 14:59:24,729 project.train INFO: [Epoch8-iter200/3899]: Loss: 0.3505 Acc: 0.9546
2025-11-21 14:59:41,272 project.train INFO: [Epoch8-iter300/3899]: Loss: 0.3555 Acc: 0.9531
2025-11-21 14:59:59,142 project.train INFO: [Epoch8-iter400/3899]: Loss: 0.3421 Acc: 0.9556
2025-11-21 15:00:16,017 project.train INFO: [Epoch8-iter500/3899]: Loss: 0.3273 Acc: 0.9585
2025-11-21 15:00:32,063 project.train INFO: [Epoch8-iter600/3899]: Loss: 0.3241 Acc: 0.9587
2025-11-21 15:00:48,341 project.train INFO: [Epoch8-iter700/3899]: Loss: 0.3311 Acc: 0.9585
2025-11-21 15:01:04,313 project.train INFO: [Epoch8-iter800/3899]: Loss: 0.3332 Acc: 0.9577
2025-11-21 15:01:20,151 project.train INFO: [Epoch8-iter900/3899]: Loss: 0.3296 Acc: 0.9573
2025-11-21 15:01:36,655 project.train INFO: [Epoch8-iter1000/3899]: Loss: 0.3315 Acc: 0.9568
2025-11-21 15:01:52,174 project.train INFO: [Epoch8-iter1100/3899]: Loss: 0.3275 Acc: 0.9575
2025-11-21 15:02:08,366 project.train INFO: [Epoch8-iter1200/3899]: Loss: 0.3268 Acc: 0.9572
2025-11-21 15:02:23,767 project.train INFO: [Epoch8-iter1300/3899]: Loss: 0.3267 Acc: 0.9571
2025-11-21 15:02:40,032 project.train INFO: [Epoch8-iter1400/3899]: Loss: 0.3261 Acc: 0.9574
2025-11-21 15:02:56,268 project.train INFO: [Epoch8-iter1500/3899]: Loss: 0.3266 Acc: 0.9572
2025-11-21 15:03:12,153 project.train INFO: [Epoch8-iter1600/3899]: Loss: 0.3247 Acc: 0.9569
2025-11-21 15:03:28,658 project.train INFO: [Epoch8-iter1700/3899]: Loss: 0.3264 Acc: 0.9564
2025-11-21 15:03:44,614 project.train INFO: [Epoch8-iter1800/3899]: Loss: 0.3283 Acc: 0.9564
2025-11-21 15:04:01,244 project.train INFO: [Epoch8-iter1900/3899]: Loss: 0.3316 Acc: 0.9560
2025-11-21 15:04:18,022 project.train INFO: [Epoch8-iter2000/3899]: Loss: 0.3317 Acc: 0.9557
2025-11-21 15:04:33,730 project.train INFO: [Epoch8-iter2100/3899]: Loss: 0.3308 Acc: 0.9559
2025-11-21 15:04:53,945 project.train INFO: [Epoch8-iter2200/3899]: Loss: 0.3341 Acc: 0.9553
2025-11-21 15:05:10,673 project.train INFO: [Epoch8-iter2300/3899]: Loss: 0.3329 Acc: 0.9556
2025-11-21 15:05:26,152 project.train INFO: [Epoch8-iter2400/3899]: Loss: 0.3320 Acc: 0.9558
2025-11-21 15:05:41,949 project.train INFO: [Epoch8-iter2500/3899]: Loss: 0.3318 Acc: 0.9560
2025-11-21 15:05:58,002 project.train INFO: [Epoch8-iter2600/3899]: Loss: 0.3318 Acc: 0.9561
2025-11-21 15:06:13,453 project.train INFO: [Epoch8-iter2700/3899]: Loss: 0.3316 Acc: 0.9560
2025-11-21 15:06:29,880 project.train INFO: [Epoch8-iter2800/3899]: Loss: 0.3326 Acc: 0.9560
2025-11-21 15:06:45,069 project.train INFO: [Epoch8-iter2900/3899]: Loss: 0.3319 Acc: 0.9562
2025-11-21 15:07:00,090 project.train INFO: [Epoch8-iter3000/3899]: Loss: 0.3318 Acc: 0.9561
2025-11-21 15:07:15,771 project.train INFO: [Epoch8-iter3100/3899]: Loss: 0.3320 Acc: 0.9563
2025-11-21 15:07:31,360 project.train INFO: [Epoch8-iter3200/3899]: Loss: 0.3329 Acc: 0.9561
2025-11-21 15:07:46,233 project.train INFO: [Epoch8-iter3300/3899]: Loss: 0.3340 Acc: 0.9561
2025-11-21 15:08:03,385 project.train INFO: [Epoch8-iter3400/3899]: Loss: 0.3342 Acc: 0.9559
2025-11-21 15:08:18,551 project.train INFO: [Epoch8-iter3500/3899]: Loss: 0.3339 Acc: 0.9562
2025-11-21 15:08:35,936 project.train INFO: [Epoch8-iter3600/3899]: Loss: 0.3334 Acc: 0.9562
2025-11-21 15:08:51,192 project.train INFO: [Epoch8-iter3700/3899]: Loss: 0.3331 Acc: 0.9564
2025-11-21 15:09:07,504 project.train INFO: [Epoch8-iter3800/3899]: Loss: 0.3324 Acc: 0.9566
2025-11-21 15:09:23,155 project.train INFO: [Epoch8-iter3898/3899]: Loss: 0.3317 Acc: 0.9567
2025-11-21 15:09:23,186 project.train INFO: [Epoch8]: Loss: 0.3317 Acc: 0.9567
2025-11-21 15:09:23,816 project.train INFO: [Epoch9-iter0/3899]: Loss: 0.7821 Acc: 0.9375
2025-11-21 15:09:39,560 project.train INFO: [Epoch9-iter100/3899]: Loss: 0.3028 Acc: 0.9604
2025-11-21 15:09:54,429 project.train INFO: [Epoch9-iter200/3899]: Loss: 0.3127 Acc: 0.9608
2025-11-21 15:10:09,372 project.train INFO: [Epoch9-iter300/3899]: Loss: 0.3217 Acc: 0.9593
2025-11-21 15:10:26,641 project.train INFO: [Epoch9-iter400/3899]: Loss: 0.3364 Acc: 0.9570
2025-11-21 15:10:43,448 project.train INFO: [Epoch9-iter500/3899]: Loss: 0.3319 Acc: 0.9573
2025-11-21 15:11:00,334 project.train INFO: [Epoch9-iter600/3899]: Loss: 0.3205 Acc: 0.9597
2025-11-21 15:11:17,556 project.train INFO: [Epoch9-iter700/3899]: Loss: 0.3230 Acc: 0.9593
2025-11-21 15:11:33,769 project.train INFO: [Epoch9-iter800/3899]: Loss: 0.3308 Acc: 0.9570
2025-11-21 15:11:49,877 project.train INFO: [Epoch9-iter900/3899]: Loss: 0.3309 Acc: 0.9569
2025-11-21 15:12:06,482 project.train INFO: [Epoch9-iter1000/3899]: Loss: 0.3281 Acc: 0.9568
2025-11-21 15:12:22,858 project.train INFO: [Epoch9-iter1100/3899]: Loss: 0.3299 Acc: 0.9564
2025-11-21 15:12:38,881 project.train INFO: [Epoch9-iter1200/3899]: Loss: 0.3267 Acc: 0.9569
2025-11-21 15:12:54,264 project.train INFO: [Epoch9-iter1300/3899]: Loss: 0.3281 Acc: 0.9568
2025-11-21 15:13:10,590 project.train INFO: [Epoch9-iter1400/3899]: Loss: 0.3241 Acc: 0.9575
2025-11-21 15:13:26,773 project.train INFO: [Epoch9-iter1500/3899]: Loss: 0.3227 Acc: 0.9574
2025-11-21 15:13:42,105 project.train INFO: [Epoch9-iter1600/3899]: Loss: 0.3219 Acc: 0.9575
2025-11-21 15:13:58,530 project.train INFO: [Epoch9-iter1700/3899]: Loss: 0.3230 Acc: 0.9573
2025-11-21 15:14:13,967 project.train INFO: [Epoch9-iter1800/3899]: Loss: 0.3225 Acc: 0.9574
2025-11-21 15:14:29,471 project.train INFO: [Epoch9-iter1900/3899]: Loss: 0.3217 Acc: 0.9576
2025-11-21 15:14:45,359 project.train INFO: [Epoch9-iter2000/3899]: Loss: 0.3219 Acc: 0.9576
2025-11-21 15:15:01,563 project.train INFO: [Epoch9-iter2100/3899]: Loss: 0.3217 Acc: 0.9575
2025-11-21 15:15:16,659 project.train INFO: [Epoch9-iter2200/3899]: Loss: 0.3185 Acc: 0.9580
2025-11-21 15:15:34,273 project.train INFO: [Epoch9-iter2300/3899]: Loss: 0.3179 Acc: 0.9582
2025-11-21 15:15:51,613 project.train INFO: [Epoch9-iter2400/3899]: Loss: 0.3189 Acc: 0.9580
2025-11-21 15:16:07,901 project.train INFO: [Epoch9-iter2500/3899]: Loss: 0.3200 Acc: 0.9580
2025-11-21 15:16:24,454 project.train INFO: [Epoch9-iter2600/3899]: Loss: 0.3189 Acc: 0.9583
2025-11-21 15:16:40,713 project.train INFO: [Epoch9-iter2700/3899]: Loss: 0.3180 Acc: 0.9584
2025-11-21 15:16:56,420 project.train INFO: [Epoch9-iter2800/3899]: Loss: 0.3156 Acc: 0.9588
2025-11-21 15:17:12,370 project.train INFO: [Epoch9-iter2900/3899]: Loss: 0.3155 Acc: 0.9588
2025-11-21 15:17:28,921 project.train INFO: [Epoch9-iter3000/3899]: Loss: 0.3156 Acc: 0.9588
2025-11-21 15:17:45,458 project.train INFO: [Epoch9-iter3100/3899]: Loss: 0.3167 Acc: 0.9587
2025-11-21 15:18:01,502 project.train INFO: [Epoch9-iter3200/3899]: Loss: 0.3165 Acc: 0.9588
2025-11-21 15:18:17,985 project.train INFO: [Epoch9-iter3300/3899]: Loss: 0.3170 Acc: 0.9587
2025-11-21 15:18:34,594 project.train INFO: [Epoch9-iter3400/3899]: Loss: 0.3166 Acc: 0.9588
2025-11-21 15:18:49,813 project.train INFO: [Epoch9-iter3500/3899]: Loss: 0.3177 Acc: 0.9587
2025-11-21 15:19:05,922 project.train INFO: [Epoch9-iter3600/3899]: Loss: 0.3180 Acc: 0.9588
2025-11-21 15:19:23,235 project.train INFO: [Epoch9-iter3700/3899]: Loss: 0.3196 Acc: 0.9586
2025-11-21 15:19:39,581 project.train INFO: [Epoch9-iter3800/3899]: Loss: 0.3190 Acc: 0.9586
2025-11-21 15:19:55,610 project.train INFO: [Epoch9-iter3898/3899]: Loss: 0.3182 Acc: 0.9587
2025-11-21 15:19:55,714 project.train INFO: [Epoch9]: Loss: 0.3182 Acc: 0.9587
2025-11-21 15:19:56,370 project.train INFO: [Epoch10-iter0/3899]: Loss: 0.2767 Acc: 1.0000
2025-11-21 15:20:12,672 project.train INFO: [Epoch10-iter100/3899]: Loss: 0.2562 Acc: 0.9734
2025-11-21 15:20:28,117 project.train INFO: [Epoch10-iter200/3899]: Loss: 0.3003 Acc: 0.9639
2025-11-21 15:20:44,273 project.train INFO: [Epoch10-iter300/3899]: Loss: 0.3115 Acc: 0.9605
2025-11-21 15:21:00,487 project.train INFO: [Epoch10-iter400/3899]: Loss: 0.3221 Acc: 0.9590
2025-11-21 15:21:16,561 project.train INFO: [Epoch10-iter500/3899]: Loss: 0.3137 Acc: 0.9606
2025-11-21 15:21:32,288 project.train INFO: [Epoch10-iter600/3899]: Loss: 0.3114 Acc: 0.9607
2025-11-21 15:21:48,735 project.train INFO: [Epoch10-iter700/3899]: Loss: 0.3079 Acc: 0.9613
2025-11-21 15:22:04,495 project.train INFO: [Epoch10-iter800/3899]: Loss: 0.3071 Acc: 0.9616
2025-11-21 15:22:20,851 project.train INFO: [Epoch10-iter900/3899]: Loss: 0.3046 Acc: 0.9621
2025-11-21 15:22:36,130 project.train INFO: [Epoch10-iter1000/3899]: Loss: 0.3037 Acc: 0.9619
2025-11-21 15:22:51,936 project.train INFO: [Epoch10-iter1100/3899]: Loss: 0.3034 Acc: 0.9618
2025-11-21 15:23:08,094 project.train INFO: [Epoch10-iter1200/3899]: Loss: 0.3081 Acc: 0.9612
2025-11-21 15:23:23,813 project.train INFO: [Epoch10-iter1300/3899]: Loss: 0.3093 Acc: 0.9606
2025-11-21 15:23:39,048 project.train INFO: [Epoch10-iter1400/3899]: Loss: 0.3105 Acc: 0.9606
2025-11-21 15:23:53,410 project.train INFO: [Epoch10-iter1500/3899]: Loss: 0.3088 Acc: 0.9609
2025-11-21 15:24:08,450 project.train INFO: [Epoch10-iter1600/3899]: Loss: 0.3079 Acc: 0.9608
2025-11-21 15:24:23,708 project.train INFO: [Epoch10-iter1700/3899]: Loss: 0.3061 Acc: 0.9609
2025-11-21 15:24:39,507 project.train INFO: [Epoch10-iter1800/3899]: Loss: 0.3037 Acc: 0.9615
2025-11-21 15:24:55,712 project.train INFO: [Epoch10-iter1900/3899]: Loss: 0.3041 Acc: 0.9614
2025-11-21 15:25:12,667 project.train INFO: [Epoch10-iter2000/3899]: Loss: 0.3062 Acc: 0.9609
2025-11-21 15:25:29,049 project.train INFO: [Epoch10-iter2100/3899]: Loss: 0.3053 Acc: 0.9610
2025-11-21 15:25:45,209 project.train INFO: [Epoch10-iter2200/3899]: Loss: 0.3051 Acc: 0.9612
2025-11-21 15:26:01,704 project.train INFO: [Epoch10-iter2300/3899]: Loss: 0.3055 Acc: 0.9611
2025-11-21 15:26:17,770 project.train INFO: [Epoch10-iter2400/3899]: Loss: 0.3069 Acc: 0.9612
2025-11-21 15:26:33,468 project.train INFO: [Epoch10-iter2500/3899]: Loss: 0.3074 Acc: 0.9608
2025-11-21 15:26:49,470 project.train INFO: [Epoch10-iter2600/3899]: Loss: 0.3084 Acc: 0.9605
2025-11-21 15:27:05,486 project.train INFO: [Epoch10-iter2700/3899]: Loss: 0.3074 Acc: 0.9609
2025-11-21 15:27:21,046 project.train INFO: [Epoch10-iter2800/3899]: Loss: 0.3069 Acc: 0.9614
2025-11-21 15:27:36,903 project.train INFO: [Epoch10-iter2900/3899]: Loss: 0.3074 Acc: 0.9613
2025-11-21 15:27:52,445 project.train INFO: [Epoch10-iter3000/3899]: Loss: 0.3099 Acc: 0.9610
2025-11-21 15:28:08,252 project.train INFO: [Epoch10-iter3100/3899]: Loss: 0.3087 Acc: 0.9611
2025-11-21 15:28:23,514 project.train INFO: [Epoch10-iter3200/3899]: Loss: 0.3080 Acc: 0.9613
2025-11-21 15:28:39,048 project.train INFO: [Epoch10-iter3300/3899]: Loss: 0.3076 Acc: 0.9614
2025-11-21 15:28:55,325 project.train INFO: [Epoch10-iter3400/3899]: Loss: 0.3072 Acc: 0.9615
2025-11-21 15:29:11,198 project.train INFO: [Epoch10-iter3500/3899]: Loss: 0.3071 Acc: 0.9615
2025-11-21 15:29:26,937 project.train INFO: [Epoch10-iter3600/3899]: Loss: 0.3063 Acc: 0.9617
2025-11-21 15:29:42,441 project.train INFO: [Epoch10-iter3700/3899]: Loss: 0.3053 Acc: 0.9618
2025-11-21 15:29:57,915 project.train INFO: [Epoch10-iter3800/3899]: Loss: 0.3061 Acc: 0.9619
2025-11-21 15:30:13,919 project.train INFO: [Epoch10-iter3898/3899]: Loss: 0.3049 Acc: 0.9620
2025-11-21 15:30:13,963 project.train INFO: [Epoch10]: Loss: 0.3049 Acc: 0.9620
2025-11-21 15:30:14,657 project.train INFO: [Epoch11-iter0/3899]: Loss: 0.0214 Acc: 1.0000
2025-11-21 15:30:30,909 project.train INFO: [Epoch11-iter100/3899]: Loss: 0.3388 Acc: 0.9616
2025-11-21 15:30:47,986 project.train INFO: [Epoch11-iter200/3899]: Loss: 0.3302 Acc: 0.9590
2025-11-21 15:31:04,108 project.train INFO: [Epoch11-iter300/3899]: Loss: 0.3253 Acc: 0.9581
2025-11-21 15:31:20,400 project.train INFO: [Epoch11-iter400/3899]: Loss: 0.3146 Acc: 0.9603
2025-11-21 15:31:35,836 project.train INFO: [Epoch11-iter500/3899]: Loss: 0.3073 Acc: 0.9603
2025-11-21 15:31:51,850 project.train INFO: [Epoch11-iter600/3899]: Loss: 0.3018 Acc: 0.9606
2025-11-21 15:32:08,137 project.train INFO: [Epoch11-iter700/3899]: Loss: 0.3049 Acc: 0.9606
2025-11-21 15:32:24,972 project.train INFO: [Epoch11-iter800/3899]: Loss: 0.3030 Acc: 0.9607
2025-11-21 15:32:41,227 project.train INFO: [Epoch11-iter900/3899]: Loss: 0.3042 Acc: 0.9604
2025-11-21 15:32:57,120 project.train INFO: [Epoch11-iter1000/3899]: Loss: 0.3044 Acc: 0.9604
2025-11-21 15:33:13,361 project.train INFO: [Epoch11-iter1100/3899]: Loss: 0.3076 Acc: 0.9601
2025-11-21 15:33:31,665 project.train INFO: [Epoch11-iter1200/3899]: Loss: 0.3042 Acc: 0.9607
2025-11-21 15:33:49,659 project.train INFO: [Epoch11-iter1300/3899]: Loss: 0.3039 Acc: 0.9606
2025-11-21 15:34:05,655 project.train INFO: [Epoch11-iter1400/3899]: Loss: 0.3013 Acc: 0.9612
2025-11-21 15:34:22,050 project.train INFO: [Epoch11-iter1500/3899]: Loss: 0.3039 Acc: 0.9611
2025-11-21 15:34:41,909 project.train INFO: [Epoch11-iter1600/3899]: Loss: 0.3036 Acc: 0.9610
2025-11-21 15:34:59,354 project.train INFO: [Epoch11-iter1700/3899]: Loss: 0.3066 Acc: 0.9608
2025-11-21 15:35:16,527 project.train INFO: [Epoch11-iter1800/3899]: Loss: 0.3072 Acc: 0.9607
2025-11-21 15:35:34,439 project.train INFO: [Epoch11-iter1900/3899]: Loss: 0.3060 Acc: 0.9609
2025-11-21 15:35:51,781 project.train INFO: [Epoch11-iter2000/3899]: Loss: 0.3058 Acc: 0.9612
2025-11-21 15:36:08,428 project.train INFO: [Epoch11-iter2100/3899]: Loss: 0.3056 Acc: 0.9613
2025-11-21 15:36:23,672 project.train INFO: [Epoch11-iter2200/3899]: Loss: 0.3018 Acc: 0.9617
2025-11-21 15:36:39,268 project.train INFO: [Epoch11-iter2300/3899]: Loss: 0.3027 Acc: 0.9616
2025-11-21 15:36:54,639 project.train INFO: [Epoch11-iter2400/3899]: Loss: 0.3016 Acc: 0.9614
2025-11-21 15:37:09,664 project.train INFO: [Epoch11-iter2500/3899]: Loss: 0.3005 Acc: 0.9617
2025-11-21 15:37:24,189 project.train INFO: [Epoch11-iter2600/3899]: Loss: 0.2979 Acc: 0.9621
2025-11-21 15:37:39,433 project.train INFO: [Epoch11-iter2700/3899]: Loss: 0.3001 Acc: 0.9618
2025-11-21 15:37:55,397 project.train INFO: [Epoch11-iter2800/3899]: Loss: 0.2996 Acc: 0.9618
2025-11-21 15:38:10,714 project.train INFO: [Epoch11-iter2900/3899]: Loss: 0.2987 Acc: 0.9620
2025-11-21 15:38:26,019 project.train INFO: [Epoch11-iter3000/3899]: Loss: 0.2985 Acc: 0.9623
